TN:
SF:script/Counter.s.sol
DA:10,0
FN:10,CounterScript.setUp
FNDA:0,CounterScript.setUp
DA:12,0
FN:12,CounterScript.run
FNDA:0,CounterScript.run
DA:13,0
DA:15,0
DA:17,0
FNF:2
FNH:0
LF:5
LH:0
BRF:0
BRH:0
end_of_record
TN:
SF:script/TokenBank.s.sol
DA:12,0
FN:12,TokenBankScript.run
FNDA:0,TokenBankScript.run
DA:14,0
DA:16,0
DA:18,0
DA:19,0
DA:21,0
DA:24,0
DA:25,0
FNF:1
FNH:0
LF:8
LH:0
BRF:0
BRH:0
end_of_record
TN:
SF:src/Bank.sol
DA:12,3
FN:12,Bank.constructor
FNDA:3,Bank.constructor
DA:14,3
DA:18,0
FN:18,Bank.receive
FNDA:0,Bank.receive
DA:19,0
DA:23,8
FN:23,Bank.deposit
FNDA:8,Bank.deposit
DA:24,8
DA:27,8
FN:27,Bank._handleDeposit
FNDA:8,Bank._handleDeposit
DA:29,8
DA:30,8
DA:34,8
FN:34,Bank.updateTopDepositors
FNDA:8,Bank.updateTopDepositors
DA:35,8
DA:38,8
DA:39,22
BRDA:39,0,0,2
DA:40,2
DA:41,2
DA:46,6
DA:47,9
DA:49,9
BRDA:49,1,0,5
DA:51,5
DA:52,9
DA:54,5
DA:55,5
DA:60,2
FN:60,Bank._updateRanking
FNDA:2,Bank._updateRanking
DA:61,2
DA:62,4
DA:63,4
BRDA:63,2,0,2
DA:65,2
DA:66,2
DA:68,4
DA:69,2
DA:70,2
DA:73,2
DA:78,5
FN:78,Bank.getTopDepositors
FNDA:5,Bank.getTopDepositors
DA:79,5
DA:80,5
DA:81,15
DA:83,5
DA:87,2
FN:87,Bank.withdraw
FNDA:2,Bank.withdraw
DA:89,2
BRDA:89,3,0,1
BRDA:89,3,1,1
DA:92,1
DA:95,1
BRDA:95,4,0,-
BRDA:95,4,1,1
DA:98,1
DA:99,1
BRDA:99,5,0,-
BRDA:99,5,1,1
FNF:8
FNH:7
LF:43
LH:41
BRF:9
BRH:7
end_of_record
TN:
SF:src/BaseERC20.sol
DA:19,0
FN:19,BaseERC20.constructor
FNDA:0,BaseERC20.constructor
DA:22,0
DA:23,0
DA:24,0
DA:25,0
DA:27,0
DA:30,0
FN:30,BaseERC20.balanceOf
FNDA:0,BaseERC20.balanceOf
DA:32,0
DA:35,0
FN:35,BaseERC20.transfer
FNDA:0,BaseERC20.transfer
DA:37,0
BRDA:37,0,0,-
BRDA:37,0,1,-
DA:38,0
BRDA:38,1,0,-
BRDA:38,1,1,-
DA:40,0
DA:41,0
DA:43,0
DA:44,0
DA:47,0
FN:47,BaseERC20.transferFrom
FNDA:0,BaseERC20.transferFrom
DA:49,0
BRDA:49,2,0,-
BRDA:49,2,1,-
DA:50,0
BRDA:50,3,0,-
BRDA:50,3,1,-
DA:51,0
BRDA:51,4,0,-
BRDA:51,4,1,-
DA:53,0
DA:54,0
DA:55,0
DA:57,0
DA:58,0
DA:61,0
FN:61,BaseERC20.approve
FNDA:0,BaseERC20.approve
DA:63,0
BRDA:63,5,0,-
BRDA:63,5,1,-
DA:65,0
DA:67,0
DA:68,0
DA:71,0
FN:71,BaseERC20.allowance
FNDA:0,BaseERC20.allowance
DA:73,0
FNF:6
FNH:0
LF:31
LH:0
BRF:12
BRH:0
end_of_record
TN:
SF:src/Counter.sol
DA:7,258
FN:7,Counter.setNumber
FNDA:258,Counter.setNumber
DA:8,258
DA:11,1
FN:11,Counter.increment
FNDA:1,Counter.increment
DA:12,1
FNF:2
FNH:2
LF:4
LH:4
BRF:0
BRH:0
end_of_record
TN:
SF:src/NFT_Market.sol
DA:57,14
FN:57,NFTMarket.constructor
FNDA:14,NFTMarket.constructor
DA:58,14
BRDA:58,0,0,-
BRDA:58,0,1,14
DA:59,14
DA:63,271
FN:63,NFTMarket.list
FNDA:271,NFTMarket.list
DA:65,271
BRDA:65,1,0,1
BRDA:65,1,1,270
DA:68,270
BRDA:68,2,0,1
BRDA:68,2,1,269
DA:71,269
DA:72,269
DA:73,269
BRDA:73,3,0,1
BRDA:73,3,1,268
DA:81,268
DA:82,268
DA:91,268
DA:94,268
DA:96,268
DA:100,0
FN:100,NFTMarket.cancelListing
FNDA:0,NFTMarket.cancelListing
DA:102,0
DA:103,0
BRDA:103,4,0,-
BRDA:103,4,1,-
DA:106,0
BRDA:106,5,0,-
BRDA:106,5,1,-
DA:109,0
DA:112,0
DA:116,263
FN:116,NFTMarket.buyNFT
FNDA:263,NFTMarket.buyNFT
DA:118,263
DA:119,263
BRDA:119,6,0,1
BRDA:119,6,1,262
DA:122,262
BRDA:122,7,0,1
BRDA:122,7,1,261
DA:125,261
DA:128,261
DA:129,261
BRDA:129,8,0,-
BRDA:129,8,1,261
DA:132,261
DA:135,261
DA:139,3
FN:139,NFTMarket.tokensReceived
FNDA:3,NFTMarket.tokensReceived
DA:141,3
BRDA:141,9,0,-
BRDA:141,9,1,3
DA:144,3
BRDA:144,10,0,-
BRDA:144,10,1,3
DA:145,3
DA:148,3
DA:149,3
BRDA:149,11,0,-
BRDA:149,11,1,3
DA:152,3
BRDA:152,12,0,1
BRDA:152,12,1,2
DA:155,2
DA:158,2
DA:159,2
BRDA:159,13,0,-
BRDA:159,13,1,2
DA:162,2
DA:165,2
DA:167,2
DA:171,0
FN:171,NFTMarket.buyNFTWithCallback
FNDA:0,NFTMarket.buyNFTWithCallback
DA:173,0
DA:174,0
BRDA:174,14,0,-
BRDA:174,14,1,-
DA:177,0
BRDA:177,15,0,-
BRDA:177,15,1,-
DA:180,0
DA:183,0
DA:184,0
BRDA:184,16,0,-
BRDA:184,16,1,-
FNF:6
FNH:4
LF:49
LH:36
BRF:34
BRH:18
end_of_record
TN:
SF:src/SimpleMultitSigWallet.sol
DA:45,2
FN:45,SimpleMultitSigWallet.onlyOwner
FNDA:2,SimpleMultitSigWallet.onlyOwner
DA:46,2
BRDA:46,0,0,1
BRDA:46,0,1,277
DA:49,2
FN:49,SimpleMultitSigWallet.txExists
FNDA:2,SimpleMultitSigWallet.txExists
DA:50,2
BRDA:50,1,0,1
BRDA:50,1,1,13
DA:53,2
FN:53,SimpleMultitSigWallet.notExecuted
FNDA:2,SimpleMultitSigWallet.notExecuted
DA:54,2
BRDA:54,2,0,1
BRDA:54,2,1,12
DA:57,288
FN:57,SimpleMultitSigWallet.notConfirmed
FNDA:288,SimpleMultitSigWallet.notConfirmed
DA:58,288
BRDA:58,3,0,1
BRDA:58,3,1,287
DA:67,41
FN:67,SimpleMultitSigWallet.constructor
FNDA:41,SimpleMultitSigWallet.constructor
DA:68,41
BRDA:68,4,0,1
BRDA:68,4,1,40
DA:69,40
BRDA:69,5,0,2
BRDA:69,5,1,38
DA:71,38
DA:72,111
DA:73,111
BRDA:73,6,0,1
BRDA:73,6,1,110
DA:74,110
BRDA:74,7,0,1
BRDA:74,7,1,109
DA:75,109
DA:76,109
DA:78,36
DA:79,36
DA:84,2
FN:84,SimpleMultitSigWallet.receive
FNDA:2,SimpleMultitSigWallet.receive
DA:85,2
DA:95,278
FN:95,SimpleMultitSigWallet.submitTransaction
FNDA:278,SimpleMultitSigWallet.submitTransaction
DA:96,277
BRDA:96,8,0,1
BRDA:96,8,1,276
DA:101,276
BRDA:101,9,0,2
BRDA:101,9,1,274
DA:102,274
DA:103,274
DA:110,274
DA:113,274
DA:114,274
DA:121,17
FN:121,SimpleMultitSigWallet.confirmTransaction
FNDA:17,SimpleMultitSigWallet.confirmTransaction
DA:122,287
DA:123,287
DA:124,287
DA:131,2
FN:131,SimpleMultitSigWallet.revokeConfirmation
FNDA:2,SimpleMultitSigWallet.revokeConfirmation
DA:132,2
BRDA:132,10,0,1
BRDA:132,10,1,1
DA:133,1
DA:134,1
DA:135,1
DA:142,14
FN:142,SimpleMultitSigWallet.executeTransaction
FNDA:14,SimpleMultitSigWallet.executeTransaction
DA:143,12
BRDA:143,11,0,1
BRDA:143,11,1,11
DA:144,11
BRDA:144,12,0,-
BRDA:144,12,1,11
DA:145,11
DA:147,11
DA:148,11
DA:149,11
DA:150,11
BRDA:150,13,0,1
BRDA:150,13,1,10
DA:157,2
FN:157,SimpleMultitSigWallet.addOwner
FNDA:2,SimpleMultitSigWallet.addOwner
DA:158,2
BRDA:158,14,0,1
BRDA:158,14,1,1
DA:159,1
BRDA:159,15,0,-
BRDA:159,15,1,1
DA:160,1
BRDA:160,16,0,-
BRDA:160,16,1,1
DA:161,1
DA:162,1
DA:163,1
DA:169,6
FN:169,SimpleMultitSigWallet.removeOwner
FNDA:6,SimpleMultitSigWallet.removeOwner
DA:170,6
BRDA:170,17,0,1
BRDA:170,17,1,5
DA:171,5
BRDA:171,18,0,-
BRDA:171,18,1,5
DA:172,5
BRDA:172,19,0,1
BRDA:172,19,1,4
DA:173,4
DA:175,4
DA:176,11
BRDA:176,20,0,4
DA:177,4
DA:178,4
DA:179,4
DA:183,4
BRDA:183,21,0,2
DA:184,2
DA:185,2
DA:187,4
DA:194,5
FN:194,SimpleMultitSigWallet.changeRequirement
FNDA:5,SimpleMultitSigWallet.changeRequirement
DA:195,4
BRDA:195,22,0,2
BRDA:195,22,1,2
DA:196,2
DA:197,2
DA:205,4
FN:205,SimpleMultitSigWallet.getOwners
FNDA:4,SimpleMultitSigWallet.getOwners
DA:206,4
DA:212,1
FN:212,SimpleMultitSigWallet.getTransactions
FNDA:1,SimpleMultitSigWallet.getTransactions
DA:213,1
DA:220,262
FN:220,SimpleMultitSigWallet.getTransaction
FNDA:262,SimpleMultitSigWallet.getTransaction
DA:221,262
DA:222,262
DA:229,2
FN:229,SimpleMultitSigWallet.getBalance
FNDA:2,SimpleMultitSigWallet.getBalance
DA:230,2
FNF:17
FNH:17
LF:80
LH:80
BRF:44
BRH:40
end_of_record
TN:
SF:src/TokenBank.sol
DA:25,0
FN:25,TokenBank.constructor
FNDA:0,TokenBank.constructor
DA:26,0
BRDA:26,0,0,-
BRDA:26,0,1,-
DA:27,0
DA:31,0
FN:31,TokenBank.deposit
FNDA:0,TokenBank.deposit
DA:33,0
BRDA:33,1,0,-
BRDA:33,1,1,-
DA:36,0
BRDA:36,2,0,-
BRDA:36,2,1,-
DA:40,0
DA:41,0
BRDA:41,3,0,-
BRDA:41,3,1,-
DA:44,0
DA:47,0
DA:51,0
FN:51,TokenBank.withdraw
FNDA:0,TokenBank.withdraw
DA:53,0
BRDA:53,4,0,-
BRDA:53,4,1,-
DA:56,0
BRDA:56,5,0,-
BRDA:56,5,1,-
DA:59,0
DA:62,0
DA:63,0
BRDA:63,6,0,-
BRDA:63,6,1,-
DA:66,0
DA:70,0
FN:70,TokenBank.balanceOf
FNDA:0,TokenBank.balanceOf
DA:71,0
FNF:4
FNH:0
LF:19
LH:0
BRF:14
BRH:0
end_of_record
TN:
SF:test/NFT_Market.t.sol
DA:16,14
FN:16,MockERC20.constructor
FNDA:14,MockERC20.constructor
DA:17,14
DA:20,524
FN:20,MockERC20.balanceOf
FNDA:524,MockERC20.balanceOf
DA:21,524
DA:24,2
FN:24,MockERC20.transfer
FNDA:2,MockERC20.transfer
DA:25,2
DA:26,2
DA:27,2
DA:30,261
FN:30,MockERC20.transferFrom.0
FNDA:261,MockERC20.transferFrom.0
DA:31,261
BRDA:31,0,0,-
BRDA:31,0,1,261
DA:32,261
DA:33,261
DA:34,261
DA:35,261
DA:38,265
FN:38,MockERC20.approve.0
FNDA:265,MockERC20.approve.0
DA:39,265
DA:40,265
DA:43,0
FN:43,MockERC20.allowance
FNDA:0,MockERC20.allowance
DA:44,0
DA:47,273
FN:47,MockERC20.mint.0
FNDA:273,MockERC20.mint.0
DA:48,273
DA:51,0
FN:51,MockERC20.transferWithCallback
FNDA:0,MockERC20.transferWithCallback
DA:52,0
DA:53,0
DA:54,0
DA:55,0
DA:59,3
FN:59,MockERC20.transferWithCallbackAndData
FNDA:3,MockERC20.transferWithCallbackAndData
DA:60,3
DA:61,3
DA:62,3
DA:63,2
DA:73,14
FN:73,MockERC721.mint.1
FNDA:14,MockERC721.mint.1
DA:74,14
DA:77,529
FN:77,MockERC721.ownerOf
FNDA:529,MockERC721.ownerOf
DA:78,529
BRDA:78,1,0,-
BRDA:78,1,1,529
DA:79,529
DA:82,263
FN:82,MockERC721.transferFrom.1
FNDA:263,MockERC721.transferFrom.1
DA:83,263
BRDA:83,2,0,-
BRDA:83,2,1,263
DA:84,263
DA:87,0
FN:87,MockERC721.safeTransferFrom
FNDA:0,MockERC721.safeTransferFrom
DA:88,0
BRDA:88,3,0,-
BRDA:88,3,1,-
DA:89,0
DA:92,264
FN:92,MockERC721.approve.1
FNDA:264,MockERC721.approve.1
DA:93,264
DA:94,264
BRDA:94,4,0,-
BRDA:94,4,1,264
DA:95,264
DA:98,2
FN:98,MockERC721.getApproved
FNDA:2,MockERC721.getApproved
DA:99,2
DA:102,1
FN:102,MockERC721.setApprovalForAll
FNDA:1,MockERC721.setApprovalForAll
DA:103,1
DA:106,3
FN:106,MockERC721.isApprovedForAll
FNDA:3,MockERC721.isApprovedForAll
DA:107,3
DA:110,263
FN:110,MockERC721._isApprovedOrOwner
FNDA:263,MockERC721._isApprovedOrOwner
DA:111,263
DA:112,263
FNF:18
FNH:15
LF:55
LH:45
BRF:10
BRH:4
end_of_record
