TN:
SF:script/Counter.s.sol
DA:10,0
FN:10,CounterScript.setUp
FNDA:0,CounterScript.setUp
DA:12,0
FN:12,CounterScript.run
FNDA:0,CounterScript.run
DA:13,0
DA:15,0
DA:17,0
FNF:2
FNH:0
LF:5
LH:0
BRF:0
BRH:0
end_of_record
TN:
SF:src/Bank.sol
DA:12,3
FN:12,Bank.constructor
FNDA:3,Bank.constructor
DA:14,3
DA:18,0
FN:18,Bank.receive
FNDA:0,Bank.receive
DA:19,0
DA:23,8
FN:23,Bank.deposit
FNDA:8,Bank.deposit
DA:24,8
DA:27,8
FN:27,Bank._handleDeposit
FNDA:8,Bank._handleDeposit
DA:29,8
DA:30,8
DA:34,8
FN:34,Bank.updateTopDepositors
FNDA:8,Bank.updateTopDepositors
DA:35,8
DA:38,8
DA:39,22
BRDA:39,0,0,2
DA:40,2
DA:41,2
DA:46,6
DA:47,9
DA:49,9
BRDA:49,1,0,5
DA:51,5
DA:52,9
DA:54,5
DA:55,5
DA:60,2
FN:60,Bank._updateRanking
FNDA:2,Bank._updateRanking
DA:61,2
DA:62,4
DA:63,4
BRDA:63,2,0,2
DA:65,2
DA:66,2
DA:68,4
DA:69,2
DA:70,2
DA:73,2
DA:78,5
FN:78,Bank.getTopDepositors
FNDA:5,Bank.getTopDepositors
DA:79,5
DA:80,5
DA:81,15
DA:83,5
DA:87,2
FN:87,Bank.withdraw
FNDA:2,Bank.withdraw
DA:89,2
BRDA:89,3,0,1
BRDA:89,3,1,1
DA:92,1
DA:95,1
BRDA:95,4,0,-
BRDA:95,4,1,1
DA:98,1
DA:99,1
BRDA:99,5,0,-
BRDA:99,5,1,1
FNF:8
FNH:7
LF:43
LH:41
BRF:9
BRH:7
end_of_record
TN:
SF:src/Counter.sol
DA:7,258
FN:7,Counter.setNumber
FNDA:258,Counter.setNumber
DA:8,258
DA:11,1
FN:11,Counter.increment
FNDA:1,Counter.increment
DA:12,1
FNF:2
FNH:2
LF:4
LH:4
BRF:0
BRH:0
end_of_record
